#-----------------------------------------------------------
# Vivado v2018.2 (64-bit)
# SW Build 2258646 on Thu Jun 14 20:03:12 MDT 2018
# IP Build 2256618 on Thu Jun 14 22:10:49 MDT 2018
# Start of session at: Mon May  4 19:07:34 2020
# Process ID: 93408
# Current directory: C:/Users/mukhtsa1/Documents/project8
# Command line: vivado.exe -gui_launcher_event rodinguilauncherevent104264 C:\Users\mukhtsa1\Documents\project8\project_8.xpr
# Log file: C:/Users/mukhtsa1/Documents/project8/vivado.log
# Journal file: C:/Users/mukhtsa1/Documents/project8\vivado.jou
#-----------------------------------------------------------
start_gui
open_project C:/Users/mukhtsa1/Documents/project8/project_8.xpr
INFO: [Project 1-313] Project file moved from 'C:/Users/mukhtsa1/Desktop/New folder/Spring2020/project_8' since last save.
Scanning sources...
Finished scanning sources
INFO: [IP_Flow 19-234] Refreshing IP repositories
INFO: [IP_Flow 19-1704] No user IP repositories specified
INFO: [IP_Flow 19-2313] Loaded Vivado IP repository 'C:/Xilinx/Vivado/2018.2/data/ip'.
open_project: Time (s): cpu = 00:00:16 ; elapsed = 00:00:09 . Memory (MB): peak = 789.984 ; gain = 98.066
update_compile_order -fileset sources_1
exit
INFO: [Common 17-206] Exiting Vivado at Mon May  4 19:08:15 2020...
