
*** Running vivado
    with args -log cmpy_0.vds -m64 -product Vivado -mode batch -messageDb vivado.pb -notrace -source cmpy_0.tcl


****** Vivado v2018.2 (64-bit)
  **** SW Build 2258646 on Thu Jun 14 20:03:12 MDT 2018
  **** IP Build 2256618 on Thu Jun 14 22:10:49 MDT 2018
    ** Copyright 1986-2018 Xilinx, Inc. All Rights Reserved.

source cmpy_0.tcl -notrace
Command: synth_design -top cmpy_0 -part xc7a100tcsg324-1 -mode out_of_context
Starting synth_design
Attempting to get a license for feature 'Synthesis' and/or device 'xc7a100t'
INFO: [Common 17-349] Got license for feature 'Synthesis' and/or device 'xc7a100t'
INFO: Launching helper process for spawning children vivado processes
INFO: Helper process launched with PID 83436 
---------------------------------------------------------------------------------
Starting RTL Elaboration : Time (s): cpu = 00:00:05 ; elapsed = 00:00:05 . Memory (MB): peak = 394.602 ; gain = 100.066
---------------------------------------------------------------------------------
INFO: [Synth 8-638] synthesizing module 'cmpy_0' [c:/Users/mukhtsa1/Desktop/New folder/Spring2020/project_8/project_8.srcs/sources_1/ip/cmpy_0/synth/cmpy_0.vhd:73]
	Parameter C_VERBOSITY bound to: 0 - type: integer 
	Parameter C_XDEVICEFAMILY bound to: artix7 - type: string 
	Parameter C_XDEVICE bound to: xc7a100t - type: string 
	Parameter C_A_WIDTH bound to: 12 - type: integer 
	Parameter C_B_WIDTH bound to: 12 - type: integer 
	Parameter C_OUT_WIDTH bound to: 25 - type: integer 
	Parameter C_LATENCY bound to: 6 - type: integer 
	Parameter C_MULT_TYPE bound to: 1 - type: integer 
	Parameter C_OPTIMIZE_GOAL bound to: 0 - type: integer 
	Parameter HAS_NEGATE bound to: 0 - type: integer 
	Parameter SINGLE_OUTPUT bound to: 0 - type: integer 
	Parameter ROUND bound to: 0 - type: integer 
	Parameter USE_DSP_CASCADES bound to: 1 - type: integer 
	Parameter C_THROTTLE_SCHEME bound to: 3 - type: integer 
	Parameter C_HAS_ACLKEN bound to: 1 - type: integer 
	Parameter C_HAS_ARESETN bound to: 1 - type: integer 
	Parameter C_HAS_S_AXIS_A_TUSER bound to: 0 - type: integer 
	Parameter C_HAS_S_AXIS_A_TLAST bound to: 0 - type: integer 
	Parameter C_HAS_S_AXIS_B_TUSER bound to: 0 - type: integer 
	Parameter C_HAS_S_AXIS_B_TLAST bound to: 0 - type: integer 
	Parameter C_HAS_S_AXIS_CTRL_TUSER bound to: 0 - type: integer 
	Parameter C_HAS_S_AXIS_CTRL_TLAST bound to: 0 - type: integer 
	Parameter C_TLAST_RESOLUTION bound to: 0 - type: integer 
	Parameter C_S_AXIS_A_TDATA_WIDTH bound to: 32 - type: integer 
	Parameter C_S_AXIS_A_TUSER_WIDTH bound to: 1 - type: integer 
	Parameter C_S_AXIS_B_TDATA_WIDTH bound to: 32 - type: integer 
	Parameter C_S_AXIS_B_TUSER_WIDTH bound to: 1 - type: integer 
	Parameter C_S_AXIS_CTRL_TDATA_WIDTH bound to: 8 - type: integer 
	Parameter C_S_AXIS_CTRL_TUSER_WIDTH bound to: 1 - type: integer 
	Parameter C_M_AXIS_DOUT_TDATA_WIDTH bound to: 64 - type: integer 
	Parameter C_M_AXIS_DOUT_TUSER_WIDTH bound to: 1 - type: integer 
INFO: [Synth 8-3491] module 'cmpy_v6_0_15' declared at 'c:/Users/mukhtsa1/Desktop/New folder/Spring2020/project_8/project_8.srcs/sources_1/ip/cmpy_0/hdl/cmpy_v6_0_vh_rfs.vhd:13149' bound to instance 'U0' of component 'cmpy_v6_0_15' [c:/Users/mukhtsa1/Desktop/New folder/Spring2020/project_8/project_8.srcs/sources_1/ip/cmpy_0/synth/cmpy_0.vhd:161]
INFO: [Synth 8-256] done synthesizing module 'cmpy_0' (11#1) [c:/Users/mukhtsa1/Desktop/New folder/Spring2020/project_8/project_8.srcs/sources_1/ip/cmpy_0/synth/cmpy_0.vhd:73]
WARNING: [Synth 8-3331] design cmpy_v6_0_15_delay_line has unconnected port CE
WARNING: [Synth 8-3331] design cmpy_v6_0_15_delay_line has unconnected port SCLR
WARNING: [Synth 8-3331] design mult_gen_v12_0_14_delay_line__parameterized1 has unconnected port CLK
WARNING: [Synth 8-3331] design mult_gen_v12_0_14_delay_line__parameterized1 has unconnected port CE
WARNING: [Synth 8-3331] design mult_gen_v12_0_14_delay_line__parameterized1 has unconnected port SCLR
WARNING: [Synth 8-3331] design dsp__parameterized1 has unconnected port SUBTRACT
WARNING: [Synth 8-3331] design dsp__parameterized1 has unconnected port CARRY_IN
WARNING: [Synth 8-3331] design cmpy_v6_0_15_delay_line__parameterized4 has unconnected port CLK
WARNING: [Synth 8-3331] design cmpy_v6_0_15_delay_line__parameterized4 has unconnected port CE
WARNING: [Synth 8-3331] design cmpy_v6_0_15_delay_line__parameterized4 has unconnected port SCLR
WARNING: [Synth 8-3331] design cmpy_v6_0_15_delay_line__parameterized2 has unconnected port CLK
WARNING: [Synth 8-3331] design cmpy_v6_0_15_delay_line__parameterized2 has unconnected port CE
WARNING: [Synth 8-3331] design cmpy_v6_0_15_delay_line__parameterized2 has unconnected port SCLR
WARNING: [Synth 8-3331] design mult_gen_v12_0_14_delay_line__parameterized3 has unconnected port CLK
WARNING: [Synth 8-3331] design mult_gen_v12_0_14_delay_line__parameterized3 has unconnected port CE
WARNING: [Synth 8-3331] design mult_gen_v12_0_14_delay_line__parameterized3 has unconnected port SCLR
WARNING: [Synth 8-3331] design mult_gen_v12_0_14_delay_line__parameterized2 has unconnected port CLK
WARNING: [Synth 8-3331] design mult_gen_v12_0_14_delay_line__parameterized2 has unconnected port CE
WARNING: [Synth 8-3331] design mult_gen_v12_0_14_delay_line__parameterized2 has unconnected port SCLR
WARNING: [Synth 8-3331] design dsp__parameterized0 has unconnected port SUBTRACT
WARNING: [Synth 8-3331] design dsp__parameterized0 has unconnected port CARRY_IN
WARNING: [Synth 8-3331] design dsp has unconnected port CARRY_IN
WARNING: [Synth 8-3331] design cmpy_v6_0_15_delay_line__parameterized5 has unconnected port CLK
WARNING: [Synth 8-3331] design cmpy_v6_0_15_delay_line__parameterized5 has unconnected port CE
WARNING: [Synth 8-3331] design cmpy_v6_0_15_delay_line__parameterized5 has unconnected port SCLR
WARNING: [Synth 8-3331] design cmpy_v6_0_15_delay_line__parameterized1 has unconnected port CLK
WARNING: [Synth 8-3331] design cmpy_v6_0_15_delay_line__parameterized1 has unconnected port CE
WARNING: [Synth 8-3331] design cmpy_v6_0_15_delay_line__parameterized1 has unconnected port SCLR
WARNING: [Synth 8-3331] design input_negation has unconnected port NEGATE_R
WARNING: [Synth 8-3331] design input_negation has unconnected port NEGATE_I
WARNING: [Synth 8-3331] design input_negation has unconnected port CLK
WARNING: [Synth 8-3331] design input_negation has unconnected port CE
WARNING: [Synth 8-3331] design input_negation has unconnected port SCLR
WARNING: [Synth 8-3331] design cmpy_v6_0_15_synth has unconnected port ROUND_CY
WARNING: [Synth 8-3331] design cmpy_v6_0_15_synth has unconnected port SO_START
WARNING: [Synth 8-3331] design cmpy_v6_0_15_viv has unconnected port s_axis_a_tuser[0]
WARNING: [Synth 8-3331] design cmpy_v6_0_15_viv has unconnected port s_axis_a_tlast
WARNING: [Synth 8-3331] design cmpy_v6_0_15_viv has unconnected port s_axis_a_tdata[31]
WARNING: [Synth 8-3331] design cmpy_v6_0_15_viv has unconnected port s_axis_a_tdata[30]
WARNING: [Synth 8-3331] design cmpy_v6_0_15_viv has unconnected port s_axis_a_tdata[29]
WARNING: [Synth 8-3331] design cmpy_v6_0_15_viv has unconnected port s_axis_a_tdata[28]
WARNING: [Synth 8-3331] design cmpy_v6_0_15_viv has unconnected port s_axis_a_tdata[15]
WARNING: [Synth 8-3331] design cmpy_v6_0_15_viv has unconnected port s_axis_a_tdata[14]
WARNING: [Synth 8-3331] design cmpy_v6_0_15_viv has unconnected port s_axis_a_tdata[13]
WARNING: [Synth 8-3331] design cmpy_v6_0_15_viv has unconnected port s_axis_a_tdata[12]
WARNING: [Synth 8-3331] design cmpy_v6_0_15_viv has unconnected port s_axis_b_tuser[0]
WARNING: [Synth 8-3331] design cmpy_v6_0_15_viv has unconnected port s_axis_b_tlast
WARNING: [Synth 8-3331] design cmpy_v6_0_15_viv has unconnected port s_axis_b_tdata[31]
WARNING: [Synth 8-3331] design cmpy_v6_0_15_viv has unconnected port s_axis_b_tdata[30]
WARNING: [Synth 8-3331] design cmpy_v6_0_15_viv has unconnected port s_axis_b_tdata[29]
WARNING: [Synth 8-3331] design cmpy_v6_0_15_viv has unconnected port s_axis_b_tdata[28]
WARNING: [Synth 8-3331] design cmpy_v6_0_15_viv has unconnected port s_axis_b_tdata[15]
WARNING: [Synth 8-3331] design cmpy_v6_0_15_viv has unconnected port s_axis_b_tdata[14]
WARNING: [Synth 8-3331] design cmpy_v6_0_15_viv has unconnected port s_axis_b_tdata[13]
WARNING: [Synth 8-3331] design cmpy_v6_0_15_viv has unconnected port s_axis_b_tdata[12]
WARNING: [Synth 8-3331] design cmpy_v6_0_15_viv has unconnected port s_axis_ctrl_tvalid
WARNING: [Synth 8-3331] design cmpy_v6_0_15_viv has unconnected port s_axis_ctrl_tuser[0]
WARNING: [Synth 8-3331] design cmpy_v6_0_15_viv has unconnected port s_axis_ctrl_tlast
WARNING: [Synth 8-3331] design cmpy_v6_0_15_viv has unconnected port s_axis_ctrl_tdata[7]
WARNING: [Synth 8-3331] design cmpy_v6_0_15_viv has unconnected port s_axis_ctrl_tdata[6]
WARNING: [Synth 8-3331] design cmpy_v6_0_15_viv has unconnected port s_axis_ctrl_tdata[5]
WARNING: [Synth 8-3331] design cmpy_v6_0_15_viv has unconnected port s_axis_ctrl_tdata[4]
WARNING: [Synth 8-3331] design cmpy_v6_0_15_viv has unconnected port s_axis_ctrl_tdata[3]
WARNING: [Synth 8-3331] design cmpy_v6_0_15_viv has unconnected port s_axis_ctrl_tdata[2]
WARNING: [Synth 8-3331] design cmpy_v6_0_15_viv has unconnected port s_axis_ctrl_tdata[1]
WARNING: [Synth 8-3331] design cmpy_v6_0_15_viv has unconnected port s_axis_ctrl_tdata[0]
WARNING: [Synth 8-3331] design cmpy_v6_0_15_viv has unconnected port m_axis_dout_tready
---------------------------------------------------------------------------------
Finished RTL Elaboration : Time (s): cpu = 00:00:13 ; elapsed = 00:00:14 . Memory (MB): peak = 527.316 ; gain = 232.781
---------------------------------------------------------------------------------

Report Check Netlist: 
+------+------------------+-------+---------+-------+------------------+
|      |Item              |Errors |Warnings |Status |Description       |
+------+------------------+-------+---------+-------+------------------+
|1     |multi_driven_nets |      0|        0|Passed |Multi driven nets |
+------+------------------+-------+---------+-------+------------------+
---------------------------------------------------------------------------------
Start Handling Custom Attributes
---------------------------------------------------------------------------------
---------------------------------------------------------------------------------
Finished Handling Custom Attributes : Time (s): cpu = 00:00:13 ; elapsed = 00:00:14 . Memory (MB): peak = 527.316 ; gain = 232.781
---------------------------------------------------------------------------------
---------------------------------------------------------------------------------
Finished RTL Optimization Phase 1 : Time (s): cpu = 00:00:13 ; elapsed = 00:00:14 . Memory (MB): peak = 527.316 ; gain = 232.781
---------------------------------------------------------------------------------
INFO: [Netlist 29-17] Analyzing 3 Unisim elements for replacement
INFO: [Netlist 29-28] Unisim Transformation completed in 0 CPU seconds
INFO: [Device 21-403] Loading part xc7a100tcsg324-1
INFO: [Project 1-570] Preparing netlist for logic optimization

Processing XDC Constraints
Initializing timing engine
Parsing XDC File [c:/Users/mukhtsa1/Desktop/New folder/Spring2020/project_8/project_8.srcs/sources_1/ip/cmpy_0/cmpy_0_ooc.xdc] for cell 'U0'
Finished Parsing XDC File [c:/Users/mukhtsa1/Desktop/New folder/Spring2020/project_8/project_8.srcs/sources_1/ip/cmpy_0/cmpy_0_ooc.xdc] for cell 'U0'
Parsing XDC File [C:/Users/mukhtsa1/Desktop/New folder/Spring2020/project_8/project_8.runs/cmpy_0_synth_1/dont_touch.xdc]
Finished Parsing XDC File [C:/Users/mukhtsa1/Desktop/New folder/Spring2020/project_8/project_8.runs/cmpy_0_synth_1/dont_touch.xdc]
Completed Processing XDC Constraints

INFO: [Project 1-111] Unisim Transformation Summary:
No Unisim elements were transformed.

Constraint Validation Runtime : Time (s): cpu = 00:00:00 ; elapsed = 00:00:00.035 . Memory (MB): peak = 730.746 ; gain = 1.570
---------------------------------------------------------------------------------
Finished Constraint Validation : Time (s): cpu = 00:00:22 ; elapsed = 00:00:26 . Memory (MB): peak = 730.746 ; gain = 436.211
---------------------------------------------------------------------------------
---------------------------------------------------------------------------------
Start Loading Part and Timing Information
---------------------------------------------------------------------------------
Loading part: xc7a100tcsg324-1
---------------------------------------------------------------------------------
Finished Loading Part and Timing Information : Time (s): cpu = 00:00:22 ; elapsed = 00:00:26 . Memory (MB): peak = 730.746 ; gain = 436.211
---------------------------------------------------------------------------------
---------------------------------------------------------------------------------
Start Applying 'set_property' XDC Constraints
---------------------------------------------------------------------------------
Applied set_property DONT_TOUCH = true for U0. (constraint file  {C:/Users/mukhtsa1/Desktop/New folder/Spring2020/project_8/project_8.runs/cmpy_0_synth_1/dont_touch.xdc}, line 9).
---------------------------------------------------------------------------------
Finished applying 'set_property' XDC Constraints : Time (s): cpu = 00:00:22 ; elapsed = 00:00:26 . Memory (MB): peak = 730.746 ; gain = 436.211
---------------------------------------------------------------------------------
---------------------------------------------------------------------------------
Finished RTL Optimization Phase 2 : Time (s): cpu = 00:00:22 ; elapsed = 00:00:26 . Memory (MB): peak = 730.746 ; gain = 436.211
---------------------------------------------------------------------------------

Report RTL Partitions: 
+-+--------------+------------+----------+
| |RTL Partition |Replication |Instances |
+-+--------------+------------+----------+
+-+--------------+------------+----------+
---------------------------------------------------------------------------------
Start RTL Component Statistics 
---------------------------------------------------------------------------------
---------------------------------------------------------------------------------
Finished RTL Component Statistics 
---------------------------------------------------------------------------------
---------------------------------------------------------------------------------
Start RTL Hierarchical Component Statistics 
---------------------------------------------------------------------------------
---------------------------------------------------------------------------------
Finished RTL Hierarchical Component Statistics
---------------------------------------------------------------------------------
---------------------------------------------------------------------------------
Start Part Resource Summary
---------------------------------------------------------------------------------
Part Resources:
DSPs: 240 (col length:80)
BRAMs: 270 (col length: RAMB18 80 RAMB36 40)
---------------------------------------------------------------------------------
Finished Part Resource Summary
---------------------------------------------------------------------------------
---------------------------------------------------------------------------------
Start Cross Boundary and Area Optimization
---------------------------------------------------------------------------------
Warning: Parallel synthesis criteria is not met 
WARNING: [Synth 8-3331] design cmpy_v6_0_15_viv has unconnected port s_axis_a_tuser[0]
WARNING: [Synth 8-3331] design cmpy_v6_0_15_viv has unconnected port s_axis_a_tlast
WARNING: [Synth 8-3331] design cmpy_v6_0_15_viv has unconnected port s_axis_a_tdata[31]
WARNING: [Synth 8-3331] design cmpy_v6_0_15_viv has unconnected port s_axis_a_tdata[30]
WARNING: [Synth 8-3331] design cmpy_v6_0_15_viv has unconnected port s_axis_a_tdata[29]
WARNING: [Synth 8-3331] design cmpy_v6_0_15_viv has unconnected port s_axis_a_tdata[28]
WARNING: [Synth 8-3331] design cmpy_v6_0_15_viv has unconnected port s_axis_a_tdata[15]
WARNING: [Synth 8-3331] design cmpy_v6_0_15_viv has unconnected port s_axis_a_tdata[14]
WARNING: [Synth 8-3331] design cmpy_v6_0_15_viv has unconnected port s_axis_a_tdata[13]
WARNING: [Synth 8-3331] design cmpy_v6_0_15_viv has unconnected port s_axis_a_tdata[12]
WARNING: [Synth 8-3331] design cmpy_v6_0_15_viv has unconnected port s_axis_b_tuser[0]
WARNING: [Synth 8-3331] design cmpy_v6_0_15_viv has unconnected port s_axis_b_tlast
WARNING: [Synth 8-3331] design cmpy_v6_0_15_viv has unconnected port s_axis_b_tdata[31]
WARNING: [Synth 8-3331] design cmpy_v6_0_15_viv has unconnected port s_axis_b_tdata[30]
WARNING: [Synth 8-3331] design cmpy_v6_0_15_viv has unconnected port s_axis_b_tdata[29]
WARNING: [Synth 8-3331] design cmpy_v6_0_15_viv has unconnected port s_axis_b_tdata[28]
WARNING: [Synth 8-3331] design cmpy_v6_0_15_viv has unconnected port s_axis_b_tdata[15]
WARNING: [Synth 8-3331] design cmpy_v6_0_15_viv has unconnected port s_axis_b_tdata[14]
WARNING: [Synth 8-3331] design cmpy_v6_0_15_viv has unconnected port s_axis_b_tdata[13]
WARNING: [Synth 8-3331] design cmpy_v6_0_15_viv has unconnected port s_axis_b_tdata[12]
WARNING: [Synth 8-3331] design cmpy_v6_0_15_viv has unconnected port s_axis_ctrl_tvalid
WARNING: [Synth 8-3331] design cmpy_v6_0_15_viv has unconnected port s_axis_ctrl_tuser[0]
WARNING: [Synth 8-3331] design cmpy_v6_0_15_viv has unconnected port s_axis_ctrl_tlast
WARNING: [Synth 8-3331] design cmpy_v6_0_15_viv has unconnected port s_axis_ctrl_tdata[7]
WARNING: [Synth 8-3331] design cmpy_v6_0_15_viv has unconnected port s_axis_ctrl_tdata[6]
WARNING: [Synth 8-3331] design cmpy_v6_0_15_viv has unconnected port s_axis_ctrl_tdata[5]
WARNING: [Synth 8-3331] design cmpy_v6_0_15_viv has unconnected port s_axis_ctrl_tdata[4]
WARNING: [Synth 8-3331] design cmpy_v6_0_15_viv has unconnected port s_axis_ctrl_tdata[3]
WARNING: [Synth 8-3331] design cmpy_v6_0_15_viv has unconnected port s_axis_ctrl_tdata[2]
WARNING: [Synth 8-3331] design cmpy_v6_0_15_viv has unconnected port s_axis_ctrl_tdata[1]
WARNING: [Synth 8-3331] design cmpy_v6_0_15_viv has unconnected port s_axis_ctrl_tdata[0]
WARNING: [Synth 8-3331] design cmpy_v6_0_15_viv has unconnected port m_axis_dout_tready
INFO: [Synth 8-3886] merging instance 'U0/i_synth/i_synth/three_mult_structure.use_dsp.i_dsp48/mult1_preadder_d_plus_a.mult1/mult/use_prim.iBdelx[0].iBdely[0].need_delay_line.Bdelay/dN.std_srl.shift_reg_reg[0][11]' (FDRE) to 'U0/i_synth/i_synth/three_mult_structure.use_dsp.i_dsp48/mult1_preadder_d_plus_a.mult1/mult/use_prim.iBdelx[0].iBdely[0].need_delay_line.Bdelay/dN.std_srl.shift_reg_reg[0][12]'
INFO: [Synth 8-3886] merging instance 'U0/i_synth/i_synth/three_mult_structure.use_dsp.i_dsp48/mult1_preadder_d_plus_a.mult1/mult/use_prim.iBdelx[0].iBdely[0].need_delay_line.Bdelay/dN.std_srl.shift_reg_reg[0][12]' (FDRE) to 'U0/i_synth/i_synth/three_mult_structure.use_dsp.i_dsp48/mult1_preadder_d_plus_a.mult1/mult/use_prim.iBdelx[0].iBdely[0].need_delay_line.Bdelay/dN.std_srl.shift_reg_reg[0][13]'
INFO: [Synth 8-3886] merging instance 'U0/i_synth/i_synth/three_mult_structure.use_dsp.i_dsp48/mult1_preadder_d_plus_a.mult1/mult/use_prim.iBdelx[0].iBdely[0].need_delay_line.Bdelay/dN.std_srl.shift_reg_reg[0][13]' (FDRE) to 'U0/i_synth/i_synth/three_mult_structure.use_dsp.i_dsp48/mult1_preadder_d_plus_a.mult1/mult/use_prim.iBdelx[0].iBdely[0].need_delay_line.Bdelay/dN.std_srl.shift_reg_reg[0][14]'
INFO: [Synth 8-3886] merging instance 'U0/i_synth/i_synth/three_mult_structure.use_dsp.i_dsp48/mult1_preadder_d_plus_a.mult1/mult/use_prim.iBdelx[0].iBdely[0].need_delay_line.Bdelay/dN.std_srl.shift_reg_reg[0][14]' (FDRE) to 'U0/i_synth/i_synth/three_mult_structure.use_dsp.i_dsp48/mult1_preadder_d_plus_a.mult1/mult/use_prim.iBdelx[0].iBdely[0].need_delay_line.Bdelay/dN.std_srl.shift_reg_reg[0][15]'
INFO: [Synth 8-3886] merging instance 'U0/i_synth/i_synth/three_mult_structure.use_dsp.i_dsp48/mult1_preadder_d_plus_a.mult1/mult/use_prim.iBdelx[0].iBdely[0].need_delay_line.Bdelay/dN.std_srl.shift_reg_reg[0][15]' (FDRE) to 'U0/i_synth/i_synth/three_mult_structure.use_dsp.i_dsp48/mult1_preadder_d_plus_a.mult1/mult/use_prim.iBdelx[0].iBdely[0].need_delay_line.Bdelay/dN.std_srl.shift_reg_reg[0][16]'
INFO: [Synth 8-3886] merging instance 'U0/i_synth/i_synth/three_mult_structure.use_dsp.i_dsp48/mult1_preadder_d_plus_a.mult1/mult/use_prim.iBdelx[0].iBdely[0].need_delay_line.Bdelay/dN.std_srl.shift_reg_reg[0][16]' (FDRE) to 'U0/i_synth/i_synth/three_mult_structure.use_dsp.i_dsp48/mult1_preadder_d_plus_a.mult1/mult/use_prim.iBdelx[0].iBdely[0].need_delay_line.Bdelay/dN.std_srl.shift_reg_reg[0][17]'
INFO: [Synth 8-3886] merging instance 'U0/i_synth/i_synth/three_mult_structure.use_dsp.i_dsp48/dsp_preadder_1.reg_mult1_preadd_d/dN.std_srl.shift_reg_reg[0][11]' (FDRE) to 'U0/i_synth/i_synth/three_mult_structure.use_dsp.i_dsp48/dsp_preadder_1.reg_mult1_preadd_d/dN.std_srl.shift_reg_reg[0][12]'
INFO: [Synth 8-3886] merging instance 'U0/i_synth/i_synth/three_mult_structure.use_dsp.i_dsp48/dsp_preadder_1.reg_mult1_preadd_d/dN.std_srl.shift_reg_reg[0][12]' (FDRE) to 'U0/i_synth/i_synth/three_mult_structure.use_dsp.i_dsp48/dsp_preadder_1.reg_mult1_preadd_d/dN.std_srl.shift_reg_reg[0][13]'
INFO: [Synth 8-3886] merging instance 'U0/i_synth/i_synth/three_mult_structure.use_dsp.i_dsp48/dsp_preadder_1.reg_mult1_preadd_d/dN.std_srl.shift_reg_reg[0][13]' (FDRE) to 'U0/i_synth/i_synth/three_mult_structure.use_dsp.i_dsp48/dsp_preadder_1.reg_mult1_preadd_d/dN.std_srl.shift_reg_reg[0][14]'
INFO: [Synth 8-3886] merging instance 'U0/i_synth/i_synth/three_mult_structure.use_dsp.i_dsp48/dsp_preadder_1.reg_mult1_preadd_d/dN.std_srl.shift_reg_reg[0][14]' (FDRE) to 'U0/i_synth/i_synth/three_mult_structure.use_dsp.i_dsp48/dsp_preadder_1.reg_mult1_preadd_d/dN.std_srl.shift_reg_reg[0][15]'
INFO: [Synth 8-3886] merging instance 'U0/i_synth/i_synth/three_mult_structure.use_dsp.i_dsp48/dsp_preadder_1.reg_mult1_preadd_d/dN.std_srl.shift_reg_reg[0][15]' (FDRE) to 'U0/i_synth/i_synth/three_mult_structure.use_dsp.i_dsp48/dsp_preadder_1.reg_mult1_preadd_d/dN.std_srl.shift_reg_reg[0][16]'
INFO: [Synth 8-3886] merging instance 'U0/i_synth/i_synth/three_mult_structure.use_dsp.i_dsp48/dsp_preadder_1.reg_mult1_preadd_d/dN.std_srl.shift_reg_reg[0][16]' (FDRE) to 'U0/i_synth/i_synth/three_mult_structure.use_dsp.i_dsp48/dsp_preadder_1.reg_mult1_preadd_d/dN.std_srl.shift_reg_reg[0][17]'
INFO: [Synth 8-3886] merging instance 'U0/i_synth/i_synth/three_mult_structure.use_dsp.i_dsp48/dsp_preadder_1.reg_mult1_preadd_d/dN.std_srl.shift_reg_reg[0][17]' (FDRE) to 'U0/i_synth/i_synth/three_mult_structure.use_dsp.i_dsp48/dsp_preadder_1.reg_mult1_preadd_d/dN.std_srl.shift_reg_reg[0][18]'
INFO: [Synth 8-3886] merging instance 'U0/i_synth/i_synth/three_mult_structure.use_dsp.i_dsp48/dsp_preadder_1.reg_mult1_preadd_d/dN.std_srl.shift_reg_reg[0][18]' (FDRE) to 'U0/i_synth/i_synth/three_mult_structure.use_dsp.i_dsp48/dsp_preadder_1.reg_mult1_preadd_d/dN.std_srl.shift_reg_reg[0][19]'
INFO: [Synth 8-3886] merging instance 'U0/i_synth/i_synth/three_mult_structure.use_dsp.i_dsp48/dsp_preadder_1.reg_mult1_preadd_d/dN.std_srl.shift_reg_reg[0][19]' (FDRE) to 'U0/i_synth/i_synth/three_mult_structure.use_dsp.i_dsp48/dsp_preadder_1.reg_mult1_preadd_d/dN.std_srl.shift_reg_reg[0][20]'
INFO: [Synth 8-3886] merging instance 'U0/i_synth/i_synth/three_mult_structure.use_dsp.i_dsp48/dsp_preadder_1.reg_mult1_preadd_d/dN.std_srl.shift_reg_reg[0][20]' (FDRE) to 'U0/i_synth/i_synth/three_mult_structure.use_dsp.i_dsp48/dsp_preadder_1.reg_mult1_preadd_d/dN.std_srl.shift_reg_reg[0][21]'
INFO: [Synth 8-3886] merging instance 'U0/i_synth/i_synth/three_mult_structure.use_dsp.i_dsp48/dsp_preadder_1.reg_mult1_preadd_d/dN.std_srl.shift_reg_reg[0][21]' (FDRE) to 'U0/i_synth/i_synth/three_mult_structure.use_dsp.i_dsp48/dsp_preadder_1.reg_mult1_preadd_d/dN.std_srl.shift_reg_reg[0][22]'
INFO: [Synth 8-3886] merging instance 'U0/i_synth/i_synth/three_mult_structure.use_dsp.i_dsp48/dsp_preadder_1.reg_mult1_preadd_d/dN.std_srl.shift_reg_reg[0][22]' (FDRE) to 'U0/i_synth/i_synth/three_mult_structure.use_dsp.i_dsp48/dsp_preadder_1.reg_mult1_preadd_d/dN.std_srl.shift_reg_reg[0][23]'
INFO: [Synth 8-3886] merging instance 'U0/i_synth/i_synth/three_mult_structure.use_dsp.i_dsp48/dsp_preadder_1.reg_mult1_preadd_d/dN.std_srl.shift_reg_reg[0][23]' (FDRE) to 'U0/i_synth/i_synth/three_mult_structure.use_dsp.i_dsp48/dsp_preadder_1.reg_mult1_preadd_d/dN.std_srl.shift_reg_reg[0][24]'
INFO: [Synth 8-3886] merging instance 'U0/i_synth/i_synth/three_mult_structure.use_dsp.i_dsp48/mult3_preadder_d_minus_a.mult3/mult/use_prim.iBdelx[0].iBdely[0].need_delay_line.Bdelay/dN.std_srl.shift_reg_reg[0][11]' (FDRE) to 'U0/i_synth/i_synth/three_mult_structure.use_dsp.i_dsp48/mult3_preadder_d_minus_a.mult3/mult/use_prim.iBdelx[0].iBdely[0].need_delay_line.Bdelay/dN.std_srl.shift_reg_reg[0][12]'
INFO: [Synth 8-3886] merging instance 'U0/i_synth/i_synth/three_mult_structure.use_dsp.i_dsp48/mult3_preadder_d_minus_a.mult3/mult/use_prim.iBdelx[0].iBdely[0].need_delay_line.Bdelay/dN.std_srl.shift_reg_reg[0][12]' (FDRE) to 'U0/i_synth/i_synth/three_mult_structure.use_dsp.i_dsp48/mult3_preadder_d_minus_a.mult3/mult/use_prim.iBdelx[0].iBdely[0].need_delay_line.Bdelay/dN.std_srl.shift_reg_reg[0][13]'
INFO: [Synth 8-3886] merging instance 'U0/i_synth/i_synth/three_mult_structure.use_dsp.i_dsp48/mult3_preadder_d_minus_a.mult3/mult/use_prim.iBdelx[0].iBdely[0].need_delay_line.Bdelay/dN.std_srl.shift_reg_reg[0][13]' (FDRE) to 'U0/i_synth/i_synth/three_mult_structure.use_dsp.i_dsp48/mult3_preadder_d_minus_a.mult3/mult/use_prim.iBdelx[0].iBdely[0].need_delay_line.Bdelay/dN.std_srl.shift_reg_reg[0][14]'
INFO: [Synth 8-3886] merging instance 'U0/i_synth/i_synth/three_mult_structure.use_dsp.i_dsp48/mult3_preadder_d_minus_a.mult3/mult/use_prim.iBdelx[0].iBdely[0].need_delay_line.Bdelay/dN.std_srl.shift_reg_reg[0][14]' (FDRE) to 'U0/i_synth/i_synth/three_mult_structure.use_dsp.i_dsp48/mult3_preadder_d_minus_a.mult3/mult/use_prim.iBdelx[0].iBdely[0].need_delay_line.Bdelay/dN.std_srl.shift_reg_reg[0][15]'
INFO: [Synth 8-3886] merging instance 'U0/i_synth/i_synth/three_mult_structure.use_dsp.i_dsp48/mult3_preadder_d_minus_a.mult3/mult/use_prim.iBdelx[0].iBdely[0].need_delay_line.Bdelay/dN.std_srl.shift_reg_reg[0][15]' (FDRE) to 'U0/i_synth/i_synth/three_mult_structure.use_dsp.i_dsp48/mult3_preadder_d_minus_a.mult3/mult/use_prim.iBdelx[0].iBdely[0].need_delay_line.Bdelay/dN.std_srl.shift_reg_reg[0][16]'
INFO: [Synth 8-3886] merging instance 'U0/i_synth/i_synth/three_mult_structure.use_dsp.i_dsp48/mult3_preadder_d_minus_a.mult3/mult/use_prim.iBdelx[0].iBdely[0].need_delay_line.Bdelay/dN.std_srl.shift_reg_reg[0][16]' (FDRE) to 'U0/i_synth/i_synth/three_mult_structure.use_dsp.i_dsp48/mult3_preadder_d_minus_a.mult3/mult/use_prim.iBdelx[0].iBdely[0].need_delay_line.Bdelay/dN.std_srl.shift_reg_reg[0][17]'
INFO: [Synth 8-3886] merging instance 'U0/i_synth/i_synth/three_mult_structure.use_dsp.i_dsp48/mult1_preadder_d_plus_a.mult1/mult/use_prim.iAdelx[0].iAdely[0].use_delay_line.Adelay/d1.dout_i_reg[0]' (FDRE) to 'U0/i_synth/i_synth/three_mult_structure.use_dsp.i_dsp48/mult3_preadder_d_minus_a.mult3/mult/use_prim.iAdelx[0].iAdely[0].use_delay_line.Adelay/d1.dout_i_reg[0]'
INFO: [Synth 8-3886] merging instance 'U0/i_synth/i_synth/three_mult_structure.use_dsp.i_dsp48/mult1_preadder_d_plus_a.mult1/mult/use_prim.iAdelx[0].iAdely[0].use_delay_line.Adelay/d1.dout_i_reg[1]' (FDRE) to 'U0/i_synth/i_synth/three_mult_structure.use_dsp.i_dsp48/mult3_preadder_d_minus_a.mult3/mult/use_prim.iAdelx[0].iAdely[0].use_delay_line.Adelay/d1.dout_i_reg[1]'
INFO: [Synth 8-3886] merging instance 'U0/i_synth/i_synth/three_mult_structure.use_dsp.i_dsp48/mult1_preadder_d_plus_a.mult1/mult/use_prim.iAdelx[0].iAdely[0].use_delay_line.Adelay/d1.dout_i_reg[2]' (FDRE) to 'U0/i_synth/i_synth/three_mult_structure.use_dsp.i_dsp48/mult3_preadder_d_minus_a.mult3/mult/use_prim.iAdelx[0].iAdely[0].use_delay_line.Adelay/d1.dout_i_reg[2]'
INFO: [Synth 8-3886] merging instance 'U0/i_synth/i_synth/three_mult_structure.use_dsp.i_dsp48/mult1_preadder_d_plus_a.mult1/mult/use_prim.iAdelx[0].iAdely[0].use_delay_line.Adelay/d1.dout_i_reg[3]' (FDRE) to 'U0/i_synth/i_synth/three_mult_structure.use_dsp.i_dsp48/mult3_preadder_d_minus_a.mult3/mult/use_prim.iAdelx[0].iAdely[0].use_delay_line.Adelay/d1.dout_i_reg[3]'
INFO: [Synth 8-3886] merging instance 'U0/i_synth/i_synth/three_mult_structure.use_dsp.i_dsp48/mult1_preadder_d_plus_a.mult1/mult/use_prim.iAdelx[0].iAdely[0].use_delay_line.Adelay/d1.dout_i_reg[4]' (FDRE) to 'U0/i_synth/i_synth/three_mult_structure.use_dsp.i_dsp48/mult3_preadder_d_minus_a.mult3/mult/use_prim.iAdelx[0].iAdely[0].use_delay_line.Adelay/d1.dout_i_reg[4]'
INFO: [Synth 8-3886] merging instance 'U0/i_synth/i_synth/three_mult_structure.use_dsp.i_dsp48/mult1_preadder_d_plus_a.mult1/mult/use_prim.iAdelx[0].iAdely[0].use_delay_line.Adelay/d1.dout_i_reg[5]' (FDRE) to 'U0/i_synth/i_synth/three_mult_structure.use_dsp.i_dsp48/mult3_preadder_d_minus_a.mult3/mult/use_prim.iAdelx[0].iAdely[0].use_delay_line.Adelay/d1.dout_i_reg[5]'
INFO: [Synth 8-3886] merging instance 'U0/i_synth/i_synth/three_mult_structure.use_dsp.i_dsp48/mult1_preadder_d_plus_a.mult1/mult/use_prim.iAdelx[0].iAdely[0].use_delay_line.Adelay/d1.dout_i_reg[6]' (FDRE) to 'U0/i_synth/i_synth/three_mult_structure.use_dsp.i_dsp48/mult3_preadder_d_minus_a.mult3/mult/use_prim.iAdelx[0].iAdely[0].use_delay_line.Adelay/d1.dout_i_reg[6]'
INFO: [Synth 8-3886] merging instance 'U0/i_synth/i_synth/three_mult_structure.use_dsp.i_dsp48/mult1_preadder_d_plus_a.mult1/mult/use_prim.iAdelx[0].iAdely[0].use_delay_line.Adelay/d1.dout_i_reg[7]' (FDRE) to 'U0/i_synth/i_synth/three_mult_structure.use_dsp.i_dsp48/mult3_preadder_d_minus_a.mult3/mult/use_prim.iAdelx[0].iAdely[0].use_delay_line.Adelay/d1.dout_i_reg[7]'
INFO: [Synth 8-3886] merging instance 'U0/i_synth/i_synth/three_mult_structure.use_dsp.i_dsp48/mult1_preadder_d_plus_a.mult1/mult/use_prim.iAdelx[0].iAdely[0].use_delay_line.Adelay/d1.dout_i_reg[8]' (FDRE) to 'U0/i_synth/i_synth/three_mult_structure.use_dsp.i_dsp48/mult3_preadder_d_minus_a.mult3/mult/use_prim.iAdelx[0].iAdely[0].use_delay_line.Adelay/d1.dout_i_reg[8]'
INFO: [Synth 8-3886] merging instance 'U0/i_synth/i_synth/three_mult_structure.use_dsp.i_dsp48/mult1_preadder_d_plus_a.mult1/mult/use_prim.iAdelx[0].iAdely[0].use_delay_line.Adelay/d1.dout_i_reg[9]' (FDRE) to 'U0/i_synth/i_synth/three_mult_structure.use_dsp.i_dsp48/mult3_preadder_d_minus_a.mult3/mult/use_prim.iAdelx[0].iAdely[0].use_delay_line.Adelay/d1.dout_i_reg[9]'
INFO: [Synth 8-3886] merging instance 'U0/i_synth/i_synth/three_mult_structure.use_dsp.i_dsp48/mult1_preadder_d_plus_a.mult1/mult/use_prim.iAdelx[0].iAdely[0].use_delay_line.Adelay/d1.dout_i_reg[10]' (FDRE) to 'U0/i_synth/i_synth/three_mult_structure.use_dsp.i_dsp48/mult3_preadder_d_minus_a.mult3/mult/use_prim.iAdelx[0].iAdely[0].use_delay_line.Adelay/d1.dout_i_reg[10]'
INFO: [Synth 8-3886] merging instance 'U0/i_synth/i_synth/three_mult_structure.use_dsp.i_dsp48/mult1_preadder_d_plus_a.mult1/mult/use_prim.iAdelx[0].iAdely[0].use_delay_line.Adelay/d1.dout_i_reg[11]' (FDRE) to 'U0/i_synth/i_synth/three_mult_structure.use_dsp.i_dsp48/mult3_preadder_d_minus_a.mult3/mult/use_prim.iAdelx[0].iAdely[0].use_delay_line.Adelay/d1.dout_i_reg[11]'
INFO: [Synth 8-3886] merging instance 'U0/i_synth/i_synth/three_mult_structure.use_dsp.i_dsp48/mult1_preadder_d_plus_a.mult1/mult/use_prim.iAdelx[0].iAdely[0].use_delay_line.Adelay/d1.dout_i_reg[12]' (FDRE) to 'U0/i_synth/i_synth/three_mult_structure.use_dsp.i_dsp48/mult3_preadder_d_minus_a.mult3/mult/use_prim.iAdelx[0].iAdely[0].use_delay_line.Adelay/d1.dout_i_reg[11]'
INFO: [Synth 8-3886] merging instance 'U0/i_synth/i_synth/three_mult_structure.use_dsp.i_dsp48/mult1_preadder_d_plus_a.mult1/mult/use_prim.iAdelx[0].iAdely[0].use_delay_line.Adelay/d1.dout_i_reg[13]' (FDRE) to 'U0/i_synth/i_synth/three_mult_structure.use_dsp.i_dsp48/mult3_preadder_d_minus_a.mult3/mult/use_prim.iAdelx[0].iAdely[0].use_delay_line.Adelay/d1.dout_i_reg[11]'
INFO: [Synth 8-3886] merging instance 'U0/i_synth/i_synth/three_mult_structure.use_dsp.i_dsp48/mult1_preadder_d_plus_a.mult1/mult/use_prim.iAdelx[0].iAdely[0].use_delay_line.Adelay/d1.dout_i_reg[14]' (FDRE) to 'U0/i_synth/i_synth/three_mult_structure.use_dsp.i_dsp48/mult3_preadder_d_minus_a.mult3/mult/use_prim.iAdelx[0].iAdely[0].use_delay_line.Adelay/d1.dout_i_reg[11]'
INFO: [Synth 8-3886] merging instance 'U0/i_synth/i_synth/three_mult_structure.use_dsp.i_dsp48/mult1_preadder_d_plus_a.mult1/mult/use_prim.iAdelx[0].iAdely[0].use_delay_line.Adelay/d1.dout_i_reg[15]' (FDRE) to 'U0/i_synth/i_synth/three_mult_structure.use_dsp.i_dsp48/mult3_preadder_d_minus_a.mult3/mult/use_prim.iAdelx[0].iAdely[0].use_delay_line.Adelay/d1.dout_i_reg[11]'
INFO: [Synth 8-3886] merging instance 'U0/i_synth/i_synth/three_mult_structure.use_dsp.i_dsp48/mult1_preadder_d_plus_a.mult1/mult/use_prim.iAdelx[0].iAdely[0].use_delay_line.Adelay/d1.dout_i_reg[16]' (FDRE) to 'U0/i_synth/i_synth/three_mult_structure.use_dsp.i_dsp48/mult3_preadder_d_minus_a.mult3/mult/use_prim.iAdelx[0].iAdely[0].use_delay_line.Adelay/d1.dout_i_reg[11]'
INFO: [Synth 8-3886] merging instance 'U0/i_synth/i_synth/three_mult_structure.use_dsp.i_dsp48/mult1_preadder_d_plus_a.mult1/mult/use_prim.iAdelx[0].iAdely[0].use_delay_line.Adelay/d1.dout_i_reg[17]' (FDRE) to 'U0/i_synth/i_synth/three_mult_structure.use_dsp.i_dsp48/mult3_preadder_d_minus_a.mult3/mult/use_prim.iAdelx[0].iAdely[0].use_delay_line.Adelay/d1.dout_i_reg[11]'
INFO: [Synth 8-3886] merging instance 'U0/i_synth/i_synth/three_mult_structure.use_dsp.i_dsp48/mult1_preadder_d_plus_a.mult1/mult/use_prim.iAdelx[0].iAdely[0].use_delay_line.Adelay/d1.dout_i_reg[18]' (FDRE) to 'U0/i_synth/i_synth/three_mult_structure.use_dsp.i_dsp48/mult3_preadder_d_minus_a.mult3/mult/use_prim.iAdelx[0].iAdely[0].use_delay_line.Adelay/d1.dout_i_reg[11]'
INFO: [Synth 8-3886] merging instance 'U0/i_synth/i_synth/three_mult_structure.use_dsp.i_dsp48/mult1_preadder_d_plus_a.mult1/mult/use_prim.iAdelx[0].iAdely[0].use_delay_line.Adelay/d1.dout_i_reg[19]' (FDRE) to 'U0/i_synth/i_synth/three_mult_structure.use_dsp.i_dsp48/mult3_preadder_d_minus_a.mult3/mult/use_prim.iAdelx[0].iAdely[0].use_delay_line.Adelay/d1.dout_i_reg[11]'
INFO: [Synth 8-3886] merging instance 'U0/i_synth/i_synth/three_mult_structure.use_dsp.i_dsp48/mult1_preadder_d_plus_a.mult1/mult/use_prim.iAdelx[0].iAdely[0].use_delay_line.Adelay/d1.dout_i_reg[20]' (FDRE) to 'U0/i_synth/i_synth/three_mult_structure.use_dsp.i_dsp48/mult3_preadder_d_minus_a.mult3/mult/use_prim.iAdelx[0].iAdely[0].use_delay_line.Adelay/d1.dout_i_reg[11]'
INFO: [Synth 8-3886] merging instance 'U0/i_synth/i_synth/three_mult_structure.use_dsp.i_dsp48/mult1_preadder_d_plus_a.mult1/mult/use_prim.iAdelx[0].iAdely[0].use_delay_line.Adelay/d1.dout_i_reg[21]' (FDRE) to 'U0/i_synth/i_synth/three_mult_structure.use_dsp.i_dsp48/mult3_preadder_d_minus_a.mult3/mult/use_prim.iAdelx[0].iAdely[0].use_delay_line.Adelay/d1.dout_i_reg[11]'
INFO: [Synth 8-3886] merging instance 'U0/i_synth/i_synth/three_mult_structure.use_dsp.i_dsp48/mult1_preadder_d_plus_a.mult1/mult/use_prim.iAdelx[0].iAdely[0].use_delay_line.Adelay/d1.dout_i_reg[22]' (FDRE) to 'U0/i_synth/i_synth/three_mult_structure.use_dsp.i_dsp48/mult3_preadder_d_minus_a.mult3/mult/use_prim.iAdelx[0].iAdely[0].use_delay_line.Adelay/d1.dout_i_reg[11]'
INFO: [Synth 8-3886] merging instance 'U0/i_synth/i_synth/three_mult_structure.use_dsp.i_dsp48/mult1_preadder_d_plus_a.mult1/mult/use_prim.iAdelx[0].iAdely[0].use_delay_line.Adelay/d1.dout_i_reg[23]' (FDRE) to 'U0/i_synth/i_synth/three_mult_structure.use_dsp.i_dsp48/mult3_preadder_d_minus_a.mult3/mult/use_prim.iAdelx[0].iAdely[0].use_delay_line.Adelay/d1.dout_i_reg[11]'
INFO: [Synth 8-3886] merging instance 'U0/i_synth/i_synth/three_mult_structure.use_dsp.i_dsp48/mult1_preadder_d_plus_a.mult1/mult/use_prim.iAdelx[0].iAdely[0].use_delay_line.Adelay/d1.dout_i_reg[24]' (FDRE) to 'U0/i_synth/i_synth/three_mult_structure.use_dsp.i_dsp48/mult3_preadder_d_minus_a.mult3/mult/use_prim.iAdelx[0].iAdely[0].use_delay_line.Adelay/d1.dout_i_reg[11]'
INFO: [Synth 8-3886] merging instance 'U0/i_synth/i_synth/three_mult_structure.use_dsp.i_dsp48/dsp_preadder_1.reg_mult1_preadd_d/dN.std_srl.shift_reg_reg[1][0]' (FDRE) to 'U0/i_synth/i_synth/three_mult_structure.use_dsp.i_dsp48/dsp_preadder_3.reg_mult3_preadd_d/dN.std_srl.shift_reg_reg[1][0]'
INFO: [Synth 8-3886] merging instance 'U0/i_synth/i_synth/three_mult_structure.use_dsp.i_dsp48/dsp_preadder_1.reg_mult1_preadd_d/dN.std_srl.shift_reg_reg[1][1]' (FDRE) to 'U0/i_synth/i_synth/three_mult_structure.use_dsp.i_dsp48/dsp_preadder_3.reg_mult3_preadd_d/dN.std_srl.shift_reg_reg[1][1]'
INFO: [Synth 8-3886] merging instance 'U0/i_synth/i_synth/three_mult_structure.use_dsp.i_dsp48/dsp_preadder_1.reg_mult1_preadd_d/dN.std_srl.shift_reg_reg[1][2]' (FDRE) to 'U0/i_synth/i_synth/three_mult_structure.use_dsp.i_dsp48/dsp_preadder_3.reg_mult3_preadd_d/dN.std_srl.shift_reg_reg[1][2]'
INFO: [Synth 8-3886] merging instance 'U0/i_synth/i_synth/three_mult_structure.use_dsp.i_dsp48/dsp_preadder_1.reg_mult1_preadd_d/dN.std_srl.shift_reg_reg[1][3]' (FDRE) to 'U0/i_synth/i_synth/three_mult_structure.use_dsp.i_dsp48/dsp_preadder_3.reg_mult3_preadd_d/dN.std_srl.shift_reg_reg[1][3]'
INFO: [Synth 8-3886] merging instance 'U0/i_synth/i_synth/three_mult_structure.use_dsp.i_dsp48/dsp_preadder_1.reg_mult1_preadd_d/dN.std_srl.shift_reg_reg[1][4]' (FDRE) to 'U0/i_synth/i_synth/three_mult_structure.use_dsp.i_dsp48/dsp_preadder_3.reg_mult3_preadd_d/dN.std_srl.shift_reg_reg[1][4]'
INFO: [Synth 8-3886] merging instance 'U0/i_synth/i_synth/three_mult_structure.use_dsp.i_dsp48/dsp_preadder_1.reg_mult1_preadd_d/dN.std_srl.shift_reg_reg[1][5]' (FDRE) to 'U0/i_synth/i_synth/three_mult_structure.use_dsp.i_dsp48/dsp_preadder_3.reg_mult3_preadd_d/dN.std_srl.shift_reg_reg[1][5]'
INFO: [Synth 8-3886] merging instance 'U0/i_synth/i_synth/three_mult_structure.use_dsp.i_dsp48/dsp_preadder_1.reg_mult1_preadd_d/dN.std_srl.shift_reg_reg[1][6]' (FDRE) to 'U0/i_synth/i_synth/three_mult_structure.use_dsp.i_dsp48/dsp_preadder_3.reg_mult3_preadd_d/dN.std_srl.shift_reg_reg[1][6]'
INFO: [Synth 8-3886] merging instance 'U0/i_synth/i_synth/three_mult_structure.use_dsp.i_dsp48/dsp_preadder_1.reg_mult1_preadd_d/dN.std_srl.shift_reg_reg[1][7]' (FDRE) to 'U0/i_synth/i_synth/three_mult_structure.use_dsp.i_dsp48/dsp_preadder_3.reg_mult3_preadd_d/dN.std_srl.shift_reg_reg[1][7]'
INFO: [Synth 8-3886] merging instance 'U0/i_synth/i_synth/three_mult_structure.use_dsp.i_dsp48/dsp_preadder_1.reg_mult1_preadd_d/dN.std_srl.shift_reg_reg[1][8]' (FDRE) to 'U0/i_synth/i_synth/three_mult_structure.use_dsp.i_dsp48/dsp_preadder_3.reg_mult3_preadd_d/dN.std_srl.shift_reg_reg[1][8]'
INFO: [Synth 8-3886] merging instance 'U0/i_synth/i_synth/three_mult_structure.use_dsp.i_dsp48/dsp_preadder_1.reg_mult1_preadd_d/dN.std_srl.shift_reg_reg[1][9]' (FDRE) to 'U0/i_synth/i_synth/three_mult_structure.use_dsp.i_dsp48/dsp_preadder_3.reg_mult3_preadd_d/dN.std_srl.shift_reg_reg[1][9]'
INFO: [Synth 8-3886] merging instance 'U0/i_synth/i_synth/three_mult_structure.use_dsp.i_dsp48/dsp_preadder_1.reg_mult1_preadd_d/dN.std_srl.shift_reg_reg[1][10]' (FDRE) to 'U0/i_synth/i_synth/three_mult_structure.use_dsp.i_dsp48/dsp_preadder_3.reg_mult3_preadd_d/dN.std_srl.shift_reg_reg[1][10]'
INFO: [Synth 8-3886] merging instance 'U0/i_synth/i_synth/three_mult_structure.use_dsp.i_dsp48/dsp_preadder_1.reg_mult1_preadd_d/dN.std_srl.shift_reg_reg[1][11]' (FDRE) to 'U0/i_synth/i_synth/three_mult_structure.use_dsp.i_dsp48/dsp_preadder_3.reg_mult3_preadd_d/dN.std_srl.shift_reg_reg[1][11]'
INFO: [Synth 8-3886] merging instance 'U0/i_synth/i_synth/three_mult_structure.use_dsp.i_dsp48/dsp_preadder_1.reg_mult1_preadd_d/dN.std_srl.shift_reg_reg[1][12]' (FDRE) to 'U0/i_synth/i_synth/three_mult_structure.use_dsp.i_dsp48/dsp_preadder_3.reg_mult3_preadd_d/dN.std_srl.shift_reg_reg[1][11]'
INFO: [Synth 8-3886] merging instance 'U0/i_synth/i_synth/three_mult_structure.use_dsp.i_dsp48/dsp_preadder_1.reg_mult1_preadd_d/dN.std_srl.shift_reg_reg[1][13]' (FDRE) to 'U0/i_synth/i_synth/three_mult_structure.use_dsp.i_dsp48/dsp_preadder_3.reg_mult3_preadd_d/dN.std_srl.shift_reg_reg[1][11]'
INFO: [Synth 8-3886] merging instance 'U0/i_synth/i_synth/three_mult_structure.use_dsp.i_dsp48/dsp_preadder_1.reg_mult1_preadd_d/dN.std_srl.shift_reg_reg[1][14]' (FDRE) to 'U0/i_synth/i_synth/three_mult_structure.use_dsp.i_dsp48/dsp_preadder_3.reg_mult3_preadd_d/dN.std_srl.shift_reg_reg[1][11]'
INFO: [Synth 8-3886] merging instance 'U0/i_synth/i_synth/three_mult_structure.use_dsp.i_dsp48/dsp_preadder_1.reg_mult1_preadd_d/dN.std_srl.shift_reg_reg[1][15]' (FDRE) to 'U0/i_synth/i_synth/three_mult_structure.use_dsp.i_dsp48/dsp_preadder_3.reg_mult3_preadd_d/dN.std_srl.shift_reg_reg[1][11]'
INFO: [Synth 8-3886] merging instance 'U0/i_synth/i_synth/three_mult_structure.use_dsp.i_dsp48/dsp_preadder_1.reg_mult1_preadd_d/dN.std_srl.shift_reg_reg[1][16]' (FDRE) to 'U0/i_synth/i_synth/three_mult_structure.use_dsp.i_dsp48/dsp_preadder_3.reg_mult3_preadd_d/dN.std_srl.shift_reg_reg[1][11]'
INFO: [Synth 8-3886] merging instance 'U0/i_synth/i_synth/three_mult_structure.use_dsp.i_dsp48/dsp_preadder_1.reg_mult1_preadd_d/dN.std_srl.shift_reg_reg[1][17]' (FDRE) to 'U0/i_synth/i_synth/three_mult_structure.use_dsp.i_dsp48/dsp_preadder_3.reg_mult3_preadd_d/dN.std_srl.shift_reg_reg[1][11]'
INFO: [Synth 8-3886] merging instance 'U0/i_synth/i_synth/three_mult_structure.use_dsp.i_dsp48/dsp_preadder_1.reg_mult1_preadd_d/dN.std_srl.shift_reg_reg[1][18]' (FDRE) to 'U0/i_synth/i_synth/three_mult_structure.use_dsp.i_dsp48/dsp_preadder_3.reg_mult3_preadd_d/dN.std_srl.shift_reg_reg[1][11]'
INFO: [Synth 8-3886] merging instance 'U0/i_synth/i_synth/three_mult_structure.use_dsp.i_dsp48/dsp_preadder_1.reg_mult1_preadd_d/dN.std_srl.shift_reg_reg[1][19]' (FDRE) to 'U0/i_synth/i_synth/three_mult_structure.use_dsp.i_dsp48/dsp_preadder_3.reg_mult3_preadd_d/dN.std_srl.shift_reg_reg[1][11]'
INFO: [Synth 8-3886] merging instance 'U0/i_synth/i_synth/three_mult_structure.use_dsp.i_dsp48/dsp_preadder_1.reg_mult1_preadd_d/dN.std_srl.shift_reg_reg[1][20]' (FDRE) to 'U0/i_synth/i_synth/three_mult_structure.use_dsp.i_dsp48/dsp_preadder_3.reg_mult3_preadd_d/dN.std_srl.shift_reg_reg[1][11]'
INFO: [Synth 8-3886] merging instance 'U0/i_synth/i_synth/three_mult_structure.use_dsp.i_dsp48/dsp_preadder_1.reg_mult1_preadd_d/dN.std_srl.shift_reg_reg[1][21]' (FDRE) to 'U0/i_synth/i_synth/three_mult_structure.use_dsp.i_dsp48/dsp_preadder_3.reg_mult3_preadd_d/dN.std_srl.shift_reg_reg[1][11]'
INFO: [Synth 8-3886] merging instance 'U0/i_synth/i_synth/three_mult_structure.use_dsp.i_dsp48/dsp_preadder_1.reg_mult1_preadd_d/dN.std_srl.shift_reg_reg[1][22]' (FDRE) to 'U0/i_synth/i_synth/three_mult_structure.use_dsp.i_dsp48/dsp_preadder_3.reg_mult3_preadd_d/dN.std_srl.shift_reg_reg[1][11]'
INFO: [Synth 8-3886] merging instance 'U0/i_synth/i_synth/three_mult_structure.use_dsp.i_dsp48/dsp_preadder_1.reg_mult1_preadd_d/dN.std_srl.shift_reg_reg[1][23]' (FDRE) to 'U0/i_synth/i_synth/three_mult_structure.use_dsp.i_dsp48/dsp_preadder_3.reg_mult3_preadd_d/dN.std_srl.shift_reg_reg[1][11]'
INFO: [Synth 8-3886] merging instance 'U0/i_synth/i_synth/three_mult_structure.use_dsp.i_dsp48/dsp_preadder_1.reg_mult1_preadd_d/dN.std_srl.shift_reg_reg[1][24]' (FDRE) to 'U0/i_synth/i_synth/three_mult_structure.use_dsp.i_dsp48/dsp_preadder_3.reg_mult3_preadd_d/dN.std_srl.shift_reg_reg[1][11]'
INFO: [Synth 8-3886] merging instance 'U0/i_synth/i_synth/three_mult_structure.use_dsp.i_dsp48/mult1_preadder_d_plus_a.mult1/mult/use_prim.iBdelx[0].iBdely[0].need_delay_line.Bdelay/dN.std_srl.shift_reg_reg[1][11]' (FDRE) to 'U0/i_synth/i_synth/three_mult_structure.use_dsp.i_dsp48/mult1_preadder_d_plus_a.mult1/mult/use_prim.iBdelx[0].iBdely[0].need_delay_line.Bdelay/dN.std_srl.shift_reg_reg[1][12]'
INFO: [Synth 8-3886] merging instance 'U0/i_synth/i_synth/three_mult_structure.use_dsp.i_dsp48/mult1_preadder_d_plus_a.mult1/mult/use_prim.iBdelx[0].iBdely[0].need_delay_line.Bdelay/dN.std_srl.shift_reg_reg[1][12]' (FDRE) to 'U0/i_synth/i_synth/three_mult_structure.use_dsp.i_dsp48/mult1_preadder_d_plus_a.mult1/mult/use_prim.iBdelx[0].iBdely[0].need_delay_line.Bdelay/dN.std_srl.shift_reg_reg[1][13]'
INFO: [Synth 8-3886] merging instance 'U0/i_synth/i_synth/three_mult_structure.use_dsp.i_dsp48/mult1_preadder_d_plus_a.mult1/mult/use_prim.iBdelx[0].iBdely[0].need_delay_line.Bdelay/dN.std_srl.shift_reg_reg[1][13]' (FDRE) to 'U0/i_synth/i_synth/three_mult_structure.use_dsp.i_dsp48/mult1_preadder_d_plus_a.mult1/mult/use_prim.iBdelx[0].iBdely[0].need_delay_line.Bdelay/dN.std_srl.shift_reg_reg[1][14]'
INFO: [Synth 8-3886] merging instance 'U0/i_synth/i_synth/three_mult_structure.use_dsp.i_dsp48/mult1_preadder_d_plus_a.mult1/mult/use_prim.iBdelx[0].iBdely[0].need_delay_line.Bdelay/dN.std_srl.shift_reg_reg[1][14]' (FDRE) to 'U0/i_synth/i_synth/three_mult_structure.use_dsp.i_dsp48/mult1_preadder_d_plus_a.mult1/mult/use_prim.iBdelx[0].iBdely[0].need_delay_line.Bdelay/dN.std_srl.shift_reg_reg[1][15]'
INFO: [Synth 8-3886] merging instance 'U0/i_synth/i_synth/three_mult_structure.use_dsp.i_dsp48/mult1_preadder_d_plus_a.mult1/mult/use_prim.iBdelx[0].iBdely[0].need_delay_line.Bdelay/dN.std_srl.shift_reg_reg[1][15]' (FDRE) to 'U0/i_synth/i_synth/three_mult_structure.use_dsp.i_dsp48/mult1_preadder_d_plus_a.mult1/mult/use_prim.iBdelx[0].iBdely[0].need_delay_line.Bdelay/dN.std_srl.shift_reg_reg[1][16]'
INFO: [Synth 8-3886] merging instance 'U0/i_synth/i_synth/three_mult_structure.use_dsp.i_dsp48/mult1_preadder_d_plus_a.mult1/mult/use_prim.iBdelx[0].iBdely[0].need_delay_line.Bdelay/dN.std_srl.shift_reg_reg[1][16]' (FDRE) to 'U0/i_synth/i_synth/three_mult_structure.use_dsp.i_dsp48/mult1_preadder_d_plus_a.mult1/mult/use_prim.iBdelx[0].iBdely[0].need_delay_line.Bdelay/dN.std_srl.shift_reg_reg[1][17]'
INFO: [Synth 8-3886] merging instance 'U0/i_synth/i_synth/three_mult_structure.use_dsp.i_dsp48/mult3_preadder_d_minus_a.mult3/mult/use_prim.iAdelx[0].iAdely[0].use_delay_line.Adelay/d1.dout_i_reg[11]' (FDRE) to 'U0/i_synth/i_synth/three_mult_structure.use_dsp.i_dsp48/mult3_preadder_d_minus_a.mult3/mult/use_prim.iAdelx[0].iAdely[0].use_delay_line.Adelay/d1.dout_i_reg[12]'
INFO: [Synth 8-3886] merging instance 'U0/i_synth/i_synth/three_mult_structure.use_dsp.i_dsp48/mult3_preadder_d_minus_a.mult3/mult/use_prim.iAdelx[0].iAdely[0].use_delay_line.Adelay/d1.dout_i_reg[12]' (FDRE) to 'U0/i_synth/i_synth/three_mult_structure.use_dsp.i_dsp48/mult3_preadder_d_minus_a.mult3/mult/use_prim.iAdelx[0].iAdely[0].use_delay_line.Adelay/d1.dout_i_reg[13]'
INFO: [Synth 8-3886] merging instance 'U0/i_synth/i_synth/three_mult_structure.use_dsp.i_dsp48/mult3_preadder_d_minus_a.mult3/mult/use_prim.iAdelx[0].iAdely[0].use_delay_line.Adelay/d1.dout_i_reg[13]' (FDRE) to 'U0/i_synth/i_synth/three_mult_structure.use_dsp.i_dsp48/mult3_preadder_d_minus_a.mult3/mult/use_prim.iAdelx[0].iAdely[0].use_delay_line.Adelay/d1.dout_i_reg[14]'
INFO: [Synth 8-3886] merging instance 'U0/i_synth/i_synth/three_mult_structure.use_dsp.i_dsp48/mult3_preadder_d_minus_a.mult3/mult/use_prim.iAdelx[0].iAdely[0].use_delay_line.Adelay/d1.dout_i_reg[14]' (FDRE) to 'U0/i_synth/i_synth/three_mult_structure.use_dsp.i_dsp48/mult3_preadder_d_minus_a.mult3/mult/use_prim.iAdelx[0].iAdely[0].use_delay_line.Adelay/d1.dout_i_reg[15]'
INFO: [Synth 8-3886] merging instance 'U0/i_synth/i_synth/three_mult_structure.use_dsp.i_dsp48/mult3_preadder_d_minus_a.mult3/mult/use_prim.iAdelx[0].iAdely[0].use_delay_line.Adelay/d1.dout_i_reg[15]' (FDRE) to 'U0/i_synth/i_synth/three_mult_structure.use_dsp.i_dsp48/mult3_preadder_d_minus_a.mult3/mult/use_prim.iAdelx[0].iAdely[0].use_delay_line.Adelay/d1.dout_i_reg[16]'
INFO: [Synth 8-3886] merging instance 'U0/i_synth/i_synth/three_mult_structure.use_dsp.i_dsp48/mult3_preadder_d_minus_a.mult3/mult/use_prim.iAdelx[0].iAdely[0].use_delay_line.Adelay/d1.dout_i_reg[16]' (FDRE) to 'U0/i_synth/i_synth/three_mult_structure.use_dsp.i_dsp48/mult3_preadder_d_minus_a.mult3/mult/use_prim.iAdelx[0].iAdely[0].use_delay_line.Adelay/d1.dout_i_reg[17]'
INFO: [Synth 8-3886] merging instance 'U0/i_synth/i_synth/three_mult_structure.use_dsp.i_dsp48/mult3_preadder_d_minus_a.mult3/mult/use_prim.iAdelx[0].iAdely[0].use_delay_line.Adelay/d1.dout_i_reg[17]' (FDRE) to 'U0/i_synth/i_synth/three_mult_structure.use_dsp.i_dsp48/mult3_preadder_d_minus_a.mult3/mult/use_prim.iAdelx[0].iAdely[0].use_delay_line.Adelay/d1.dout_i_reg[18]'
INFO: [Synth 8-3886] merging instance 'U0/i_synth/i_synth/three_mult_structure.use_dsp.i_dsp48/mult3_preadder_d_minus_a.mult3/mult/use_prim.iAdelx[0].iAdely[0].use_delay_line.Adelay/d1.dout_i_reg[18]' (FDRE) to 'U0/i_synth/i_synth/three_mult_structure.use_dsp.i_dsp48/mult3_preadder_d_minus_a.mult3/mult/use_prim.iAdelx[0].iAdely[0].use_delay_line.Adelay/d1.dout_i_reg[19]'
INFO: [Synth 8-3886] merging instance 'U0/i_synth/i_synth/three_mult_structure.use_dsp.i_dsp48/mult3_preadder_d_minus_a.mult3/mult/use_prim.iAdelx[0].iAdely[0].use_delay_line.Adelay/d1.dout_i_reg[19]' (FDRE) to 'U0/i_synth/i_synth/three_mult_structure.use_dsp.i_dsp48/mult3_preadder_d_minus_a.mult3/mult/use_prim.iAdelx[0].iAdely[0].use_delay_line.Adelay/d1.dout_i_reg[20]'
INFO: [Synth 8-3886] merging instance 'U0/i_synth/i_synth/three_mult_structure.use_dsp.i_dsp48/mult3_preadder_d_minus_a.mult3/mult/use_prim.iAdelx[0].iAdely[0].use_delay_line.Adelay/d1.dout_i_reg[20]' (FDRE) to 'U0/i_synth/i_synth/three_mult_structure.use_dsp.i_dsp48/mult3_preadder_d_minus_a.mult3/mult/use_prim.iAdelx[0].iAdely[0].use_delay_line.Adelay/d1.dout_i_reg[21]'
INFO: [Synth 8-3886] merging instance 'U0/i_synth/i_synth/three_mult_structure.use_dsp.i_dsp48/mult3_preadder_d_minus_a.mult3/mult/use_prim.iAdelx[0].iAdely[0].use_delay_line.Adelay/d1.dout_i_reg[21]' (FDRE) to 'U0/i_synth/i_synth/three_mult_structure.use_dsp.i_dsp48/mult3_preadder_d_minus_a.mult3/mult/use_prim.iAdelx[0].iAdely[0].use_delay_line.Adelay/d1.dout_i_reg[22]'
INFO: [Synth 8-3886] merging instance 'U0/i_synth/i_synth/three_mult_structure.use_dsp.i_dsp48/mult3_preadder_d_minus_a.mult3/mult/use_prim.iAdelx[0].iAdely[0].use_delay_line.Adelay/d1.dout_i_reg[22]' (FDRE) to 'U0/i_synth/i_synth/three_mult_structure.use_dsp.i_dsp48/mult3_preadder_d_minus_a.mult3/mult/use_prim.iAdelx[0].iAdely[0].use_delay_line.Adelay/d1.dout_i_reg[23]'
INFO: [Synth 8-3886] merging instance 'U0/i_synth/i_synth/three_mult_structure.use_dsp.i_dsp48/mult3_preadder_d_minus_a.mult3/mult/use_prim.iAdelx[0].iAdely[0].use_delay_line.Adelay/d1.dout_i_reg[23]' (FDRE) to 'U0/i_synth/i_synth/three_mult_structure.use_dsp.i_dsp48/mult3_preadder_d_minus_a.mult3/mult/use_prim.iAdelx[0].iAdely[0].use_delay_line.Adelay/d1.dout_i_reg[24]'
INFO: [Synth 8-3886] merging instance 'U0/i_synth/i_synth/three_mult_structure.use_dsp.i_dsp48/dsp_preadder_3.reg_mult3_preadd_d/dN.std_srl.shift_reg_reg[1][11]' (FDRE) to 'U0/i_synth/i_synth/three_mult_structure.use_dsp.i_dsp48/dsp_preadder_3.reg_mult3_preadd_d/dN.std_srl.shift_reg_reg[1][12]'
INFO: [Synth 8-3886] merging instance 'U0/i_synth/i_synth/three_mult_structure.use_dsp.i_dsp48/dsp_preadder_3.reg_mult3_preadd_d/dN.std_srl.shift_reg_reg[1][12]' (FDRE) to 'U0/i_synth/i_synth/three_mult_structure.use_dsp.i_dsp48/dsp_preadder_3.reg_mult3_preadd_d/dN.std_srl.shift_reg_reg[1][13]'
INFO: [Synth 8-3886] merging instance 'U0/i_synth/i_synth/three_mult_structure.use_dsp.i_dsp48/dsp_preadder_3.reg_mult3_preadd_d/dN.std_srl.shift_reg_reg[1][13]' (FDRE) to 'U0/i_synth/i_synth/three_mult_structure.use_dsp.i_dsp48/dsp_preadder_3.reg_mult3_preadd_d/dN.std_srl.shift_reg_reg[1][14]'
INFO: [Synth 8-3886] merging instance 'U0/i_synth/i_synth/three_mult_structure.use_dsp.i_dsp48/dsp_preadder_3.reg_mult3_preadd_d/dN.std_srl.shift_reg_reg[1][14]' (FDRE) to 'U0/i_synth/i_synth/three_mult_structure.use_dsp.i_dsp48/dsp_preadder_3.reg_mult3_preadd_d/dN.std_srl.shift_reg_reg[1][15]'
INFO: [Synth 8-3886] merging instance 'U0/i_synth/i_synth/three_mult_structure.use_dsp.i_dsp48/dsp_preadder_3.reg_mult3_preadd_d/dN.std_srl.shift_reg_reg[1][15]' (FDRE) to 'U0/i_synth/i_synth/three_mult_structure.use_dsp.i_dsp48/dsp_preadder_3.reg_mult3_preadd_d/dN.std_srl.shift_reg_reg[1][16]'
INFO: [Synth 8-3886] merging instance 'U0/i_synth/i_synth/three_mult_structure.use_dsp.i_dsp48/dsp_preadder_3.reg_mult3_preadd_d/dN.std_srl.shift_reg_reg[1][16]' (FDRE) to 'U0/i_synth/i_synth/three_mult_structure.use_dsp.i_dsp48/dsp_preadder_3.reg_mult3_preadd_d/dN.std_srl.shift_reg_reg[1][17]'
INFO: [Common 17-14] Message 'Synth 8-3886' appears 100 times and further instances of the messages will be disabled. Use the Tcl command set_msg_config to change the current settings.
---------------------------------------------------------------------------------
Finished Cross Boundary and Area Optimization : Time (s): cpu = 00:00:23 ; elapsed = 00:00:27 . Memory (MB): peak = 730.746 ; gain = 436.211
---------------------------------------------------------------------------------

Report RTL Partitions: 
+-+--------------+------------+----------+
| |RTL Partition |Replication |Instances |
+-+--------------+------------+----------+
+-+--------------+------------+----------+
---------------------------------------------------------------------------------
Start Applying XDC Timing Constraints
---------------------------------------------------------------------------------
---------------------------------------------------------------------------------
Finished Applying XDC Timing Constraints : Time (s): cpu = 00:00:35 ; elapsed = 00:00:41 . Memory (MB): peak = 821.184 ; gain = 526.648
---------------------------------------------------------------------------------
---------------------------------------------------------------------------------
Start Timing Optimization
---------------------------------------------------------------------------------
---------------------------------------------------------------------------------
Finished Timing Optimization : Time (s): cpu = 00:00:35 ; elapsed = 00:00:41 . Memory (MB): peak = 821.629 ; gain = 527.094
---------------------------------------------------------------------------------

Report RTL Partitions: 
+-+--------------+------------+----------+
| |RTL Partition |Replication |Instances |
+-+--------------+------------+----------+
+-+--------------+------------+----------+
---------------------------------------------------------------------------------
Start Technology Mapping
---------------------------------------------------------------------------------
---------------------------------------------------------------------------------
Finished Technology Mapping : Time (s): cpu = 00:00:35 ; elapsed = 00:00:41 . Memory (MB): peak = 831.555 ; gain = 537.020
---------------------------------------------------------------------------------

Report RTL Partitions: 
+-+--------------+------------+----------+
| |RTL Partition |Replication |Instances |
+-+--------------+------------+----------+
+-+--------------+------------+----------+
---------------------------------------------------------------------------------
Start IO Insertion
---------------------------------------------------------------------------------
---------------------------------------------------------------------------------
Start Flattening Before IO Insertion
---------------------------------------------------------------------------------
---------------------------------------------------------------------------------
Finished Flattening Before IO Insertion
---------------------------------------------------------------------------------
---------------------------------------------------------------------------------
Start Final Netlist Cleanup
---------------------------------------------------------------------------------
---------------------------------------------------------------------------------
Finished Final Netlist Cleanup
---------------------------------------------------------------------------------
---------------------------------------------------------------------------------
Finished IO Insertion : Time (s): cpu = 00:00:36 ; elapsed = 00:00:42 . Memory (MB): peak = 831.555 ; gain = 537.020
---------------------------------------------------------------------------------

Report Check Netlist: 
+------+------------------+-------+---------+-------+------------------+
|      |Item              |Errors |Warnings |Status |Description       |
+------+------------------+-------+---------+-------+------------------+
|1     |multi_driven_nets |      0|        0|Passed |Multi driven nets |
+------+------------------+-------+---------+-------+------------------+
---------------------------------------------------------------------------------
Start Renaming Generated Instances
---------------------------------------------------------------------------------
---------------------------------------------------------------------------------
Finished Renaming Generated Instances : Time (s): cpu = 00:00:36 ; elapsed = 00:00:42 . Memory (MB): peak = 831.555 ; gain = 537.020
---------------------------------------------------------------------------------

Report RTL Partitions: 
+-+--------------+------------+----------+
| |RTL Partition |Replication |Instances |
+-+--------------+------------+----------+
+-+--------------+------------+----------+
---------------------------------------------------------------------------------
Start Rebuilding User Hierarchy
---------------------------------------------------------------------------------
---------------------------------------------------------------------------------
Finished Rebuilding User Hierarchy : Time (s): cpu = 00:00:36 ; elapsed = 00:00:42 . Memory (MB): peak = 831.555 ; gain = 537.020
---------------------------------------------------------------------------------
---------------------------------------------------------------------------------
Start Renaming Generated Ports
---------------------------------------------------------------------------------
---------------------------------------------------------------------------------
Finished Renaming Generated Ports : Time (s): cpu = 00:00:36 ; elapsed = 00:00:42 . Memory (MB): peak = 831.555 ; gain = 537.020
---------------------------------------------------------------------------------
---------------------------------------------------------------------------------
Start Handling Custom Attributes
---------------------------------------------------------------------------------
---------------------------------------------------------------------------------
Finished Handling Custom Attributes : Time (s): cpu = 00:00:36 ; elapsed = 00:00:42 . Memory (MB): peak = 831.555 ; gain = 537.020
---------------------------------------------------------------------------------
---------------------------------------------------------------------------------
Start Renaming Generated Nets
---------------------------------------------------------------------------------
---------------------------------------------------------------------------------
Finished Renaming Generated Nets : Time (s): cpu = 00:00:36 ; elapsed = 00:00:42 . Memory (MB): peak = 831.555 ; gain = 537.020
---------------------------------------------------------------------------------
---------------------------------------------------------------------------------
Start Writing Synthesis Report
---------------------------------------------------------------------------------

Report BlackBoxes: 
+-+--------------+----------+
| |BlackBox name |Instances |
+-+--------------+----------+
+-+--------------+----------+

Report Cell Usage: 
+------+----------+------+
|      |Cell      |Count |
+------+----------+------+
|1     |DSP48E1   |     2|
|2     |DSP48E1_1 |     1|
|3     |LUT1      |     1|
|4     |LUT2      |     2|
|5     |SRL16E    |     1|
|6     |FDRE      |    92|
+------+----------+------+
---------------------------------------------------------------------------------
Finished Writing Synthesis Report : Time (s): cpu = 00:00:36 ; elapsed = 00:00:42 . Memory (MB): peak = 831.555 ; gain = 537.020
---------------------------------------------------------------------------------
Synthesis finished with 0 errors, 0 critical warnings and 32 warnings.
Synthesis Optimization Runtime : Time (s): cpu = 00:00:16 ; elapsed = 00:00:33 . Memory (MB): peak = 831.555 ; gain = 333.590
Synthesis Optimization Complete : Time (s): cpu = 00:00:36 ; elapsed = 00:00:42 . Memory (MB): peak = 831.555 ; gain = 537.020
INFO: [Project 1-571] Translating synthesized netlist
INFO: [Netlist 29-17] Analyzing 3 Unisim elements for replacement
INFO: [Netlist 29-28] Unisim Transformation completed in 0 CPU seconds
INFO: [Project 1-570] Preparing netlist for logic optimization
INFO: [Opt 31-138] Pushed 0 inverter(s) to 0 load pin(s).
INFO: [Project 1-111] Unisim Transformation Summary:
No Unisim elements were transformed.

INFO: [Common 17-83] Releasing license: Synthesis
117 Infos, 99 Warnings, 0 Critical Warnings and 0 Errors encountered.
synth_design completed successfully
synth_design: Time (s): cpu = 00:00:38 ; elapsed = 00:00:45 . Memory (MB): peak = 831.555 ; gain = 548.492
WARNING: [Constraints 18-5210] No constraint will be written out.
INFO: [Common 17-1381] The checkpoint 'C:/Users/mukhtsa1/Desktop/New folder/Spring2020/project_8/project_8.runs/cmpy_0_synth_1/cmpy_0.dcp' has been generated.
