Copyright 1986-2018 Xilinx, Inc. All Rights Reserved.
-------------------------------------------------------------------------------------------------------------------------------------------------
| Tool Version     : Vivado v.2018.2 (win64) Build 2258646 Thu Jun 14 20:03:12 MDT 2018
| Date             : Mon May  4 03:53:42 2020
| Host             : MUKHTSA1-WL1 running 64-bit major release  (build 9200)
| Command          : report_power -file top_level_power_routed.rpt -pb top_level_power_summary_routed.pb -rpx top_level_power_routed.rpx
| Design           : top_level
| Device           : xc7a100tcsg324-1
| Design State     : routed
| Grade            : commercial
| Process          : typical
| Characterization : Production
-------------------------------------------------------------------------------------------------------------------------------------------------

Power Report

Table of Contents
-----------------
1. Summary
1.1 On-Chip Components
1.2 Power Supply Summary
1.3 Confidence Level
2. Settings
2.1 Environment
2.2 Clock Constraints
3. Detailed Reports
3.1 By Hierarchy

1. Summary
----------

+--------------------------+--------------+
| Total On-Chip Power (W)  | 0.113        |
| Design Power Budget (W)  | Unspecified* |
| Power Budget Margin (W)  | NA           |
| Dynamic (W)              | 0.012        |
| Device Static (W)        | 0.100        |
| Effective TJA (C/W)      | 4.6          |
| Max Ambient (C)          | 84.5         |
| Junction Temperature (C) | 25.5         |
| Confidence Level         | Low          |
| Setting File             | ---          |
| Simulation Activity File | ---          |
| Design Nets Matched      | NA           |
+--------------------------+--------------+
* Specify Design Power Budget using, set_operating_conditions -design_power_budget <value in Watts>


1.1 On-Chip Components
----------------------

+----------------+-----------+----------+-----------+-----------------+
| On-Chip        | Power (W) | Used     | Available | Utilization (%) |
+----------------+-----------+----------+-----------+-----------------+
| Clocks         |     0.006 |        3 |       --- |             --- |
| Slice Logic    |    <0.001 |     1210 |       --- |             --- |
|   LUT as Logic |    <0.001 |      452 |     63400 |            0.71 |
|   CARRY4       |    <0.001 |       44 |     15850 |            0.28 |
|   Register     |    <0.001 |      274 |    126800 |            0.22 |
|   F7/F8 Muxes  |    <0.001 |      117 |     63400 |            0.18 |
|   Others       |     0.000 |      295 |       --- |             --- |
| Signals        |     0.001 |     1156 |       --- |             --- |
| Block RAM      |     0.004 |     73.5 |       135 |           54.44 |
| I/O            |    <0.001 |       24 |       210 |           11.43 |
| Static Power   |     0.100 |          |           |                 |
| Total          |     0.113 |          |           |                 |
+----------------+-----------+----------+-----------+-----------------+


1.2 Power Supply Summary
------------------------

+-----------+-------------+-----------+-------------+------------+
| Source    | Voltage (V) | Total (A) | Dynamic (A) | Static (A) |
+-----------+-------------+-----------+-------------+------------+
| Vccint    |       1.000 |     0.028 |       0.012 |      0.017 |
| Vccaux    |       1.800 |     0.018 |       0.000 |      0.018 |
| Vcco33    |       3.300 |     0.004 |       0.000 |      0.004 |
| Vcco25    |       2.500 |     0.000 |       0.000 |      0.000 |
| Vcco18    |       1.800 |     0.000 |       0.000 |      0.000 |
| Vcco15    |       1.500 |     0.000 |       0.000 |      0.000 |
| Vcco135   |       1.350 |     0.000 |       0.000 |      0.000 |
| Vcco12    |       1.200 |     0.000 |       0.000 |      0.000 |
| Vccaux_io |       1.800 |     0.000 |       0.000 |      0.000 |
| Vccbram   |       1.000 |     0.002 |       0.000 |      0.002 |
| MGTAVcc   |       1.000 |     0.000 |       0.000 |      0.000 |
| MGTAVtt   |       1.200 |     0.000 |       0.000 |      0.000 |
| Vccadc    |       1.800 |     0.020 |       0.000 |      0.020 |
+-----------+-------------+-----------+-------------+------------+


1.3 Confidence Level
--------------------

+-----------------------------+------------+--------------------------------------------------------+------------------------------------------------------------------------------------------------------------+
| User Input Data             | Confidence | Details                                                | Action                                                                                                     |
+-----------------------------+------------+--------------------------------------------------------+------------------------------------------------------------------------------------------------------------+
| Design implementation state | High       | Design is routed                                       |                                                                                                            |
| Clock nodes activity        | High       | User specified more than 95% of clocks                 |                                                                                                            |
| I/O nodes activity          | Low        | More than 75% of inputs are missing user specification | Provide missing input activity with simulation results or by editing the "By Resource Type -> I/Os" view   |
| Internal nodes activity     | Medium     | User specified less than 25% of internal nodes         | Provide missing internal nodes activity with simulation results or by editing the "By Resource Type" views |
| Device models               | High       | Device models are Production                           |                                                                                                            |
|                             |            |                                                        |                                                                                                            |
| Overall confidence level    | Low        |                                                        |                                                                                                            |
+-----------------------------+------------+--------------------------------------------------------+------------------------------------------------------------------------------------------------------------+


2. Settings
-----------

2.1 Environment
---------------

+-----------------------+--------------------------+
| Ambient Temp (C)      | 25.0                     |
| ThetaJA (C/W)         | 4.6                      |
| Airflow (LFM)         | 250                      |
| Heat Sink             | medium (Medium Profile)  |
| ThetaSA (C/W)         | 4.6                      |
| Board Selection       | medium (10"x10")         |
| # of Board Layers     | 12to15 (12 to 15 Layers) |
| Board Temperature (C) | 25.0                     |
+-----------------------+--------------------------+


2.2 Clock Constraints
---------------------

+-------------+-----------+-----------------+
| Clock       | Domain    | Constraint (ns) |
+-------------+-----------+-----------------+
| sys_clk_pin | CLK100MHZ |            10.0 |
+-------------+-----------+-----------------+


3. Detailed Reports
-------------------

3.1 By Hierarchy
----------------

+------------------------------------------------+-----------+
| Name                                           | Power (W) |
+------------------------------------------------+-----------+
| top_level                                      |     0.012 |
|   U_DATAPATH                                   |     0.009 |
|     U_BRAM                                     |     0.007 |
|       U0                                       |     0.007 |
|         inst_blk_mem_gen                       |     0.007 |
|           gnbram.gnativebmg.native_blk_mem_gen |     0.007 |
|             valid.cstr                         |     0.007 |
|               has_mux_a.A                      |    <0.001 |
|               ramloop[18].ram.r                |    <0.001 |
|                 prim_init.ram                  |    <0.001 |
|               ramloop[23].ram.r                |    <0.001 |
|                 prim_init.ram                  |    <0.001 |
|               ramloop[24].ram.r                |    <0.001 |
|                 prim_init.ram                  |    <0.001 |
|               ramloop[25].ram.r                |    <0.001 |
|                 prim_init.ram                  |    <0.001 |
|               ramloop[26].ram.r                |    <0.001 |
|                 prim_init.ram                  |    <0.001 |
|               ramloop[27].ram.r                |     0.001 |
|                 prim_init.ram                  |     0.001 |
|               ramloop[28].ram.r                |    <0.001 |
|                 prim_init.ram                  |    <0.001 |
|               ramloop[29].ram.r                |    <0.001 |
|                 prim_init.ram                  |    <0.001 |
|               ramloop[30].ram.r                |    <0.001 |
|                 prim_init.ram                  |    <0.001 |
|               ramloop[31].ram.r                |    <0.001 |
|                 prim_init.ram                  |    <0.001 |
|               ramloop[32].ram.r                |    <0.001 |
|                 prim_init.ram                  |    <0.001 |
|               ramloop[33].ram.r                |    <0.001 |
|                 prim_init.ram                  |    <0.001 |
|               ramloop[34].ram.r                |    <0.001 |
|                 prim_init.ram                  |    <0.001 |
|               ramloop[35].ram.r                |    <0.001 |
|                 prim_init.ram                  |    <0.001 |
|               ramloop[36].ram.r                |    <0.001 |
|                 prim_init.ram                  |    <0.001 |
|               ramloop[37].ram.r                |    <0.001 |
|                 prim_init.ram                  |    <0.001 |
|               ramloop[38].ram.r                |    <0.001 |
|                 prim_init.ram                  |    <0.001 |
|               ramloop[39].ram.r                |    <0.001 |
|                 prim_init.ram                  |    <0.001 |
|               ramloop[40].ram.r                |    <0.001 |
|                 prim_init.ram                  |    <0.001 |
|               ramloop[41].ram.r                |    <0.001 |
|                 prim_init.ram                  |    <0.001 |
|               ramloop[42].ram.r                |    <0.001 |
|                 prim_init.ram                  |    <0.001 |
|               ramloop[43].ram.r                |    <0.001 |
|                 prim_init.ram                  |    <0.001 |
|               ramloop[44].ram.r                |    <0.001 |
|                 prim_init.ram                  |    <0.001 |
|               ramloop[45].ram.r                |    <0.001 |
|                 prim_init.ram                  |    <0.001 |
|               ramloop[46].ram.r                |    <0.001 |
|                 prim_init.ram                  |    <0.001 |
|               ramloop[47].ram.r                |    <0.001 |
|                 prim_init.ram                  |    <0.001 |
|               ramloop[48].ram.r                |    <0.001 |
|                 prim_init.ram                  |    <0.001 |
|               ramloop[49].ram.r                |    <0.001 |
|                 prim_init.ram                  |    <0.001 |
|               ramloop[50].ram.r                |    <0.001 |
|                 prim_init.ram                  |    <0.001 |
|               ramloop[51].ram.r                |    <0.001 |
|                 prim_init.ram                  |    <0.001 |
|               ramloop[52].ram.r                |    <0.001 |
|                 prim_init.ram                  |    <0.001 |
|               ramloop[53].ram.r                |    <0.001 |
|                 prim_init.ram                  |    <0.001 |
|               ramloop[54].ram.r                |    <0.001 |
|                 prim_init.ram                  |    <0.001 |
|               ramloop[55].ram.r                |    <0.001 |
|                 prim_init.ram                  |    <0.001 |
|               ramloop[56].ram.r                |    <0.001 |
|                 prim_init.ram                  |    <0.001 |
|               ramloop[57].ram.r                |    <0.001 |
|                 prim_init.ram                  |    <0.001 |
|               ramloop[58].ram.r                |    <0.001 |
|                 prim_init.ram                  |    <0.001 |
|               ramloop[59].ram.r                |    <0.001 |
|                 prim_init.ram                  |    <0.001 |
|               ramloop[60].ram.r                |    <0.001 |
|                 prim_init.ram                  |    <0.001 |
|               ramloop[61].ram.r                |    <0.001 |
|                 prim_init.ram                  |    <0.001 |
|               ramloop[62].ram.r                |    <0.001 |
|                 prim_init.ram                  |    <0.001 |
|               ramloop[63].ram.r                |    <0.001 |
|                 prim_init.ram                  |    <0.001 |
|               ramloop[64].ram.r                |    <0.001 |
|                 prim_init.ram                  |    <0.001 |
|               ramloop[65].ram.r                |    <0.001 |
|                 prim_init.ram                  |    <0.001 |
|               ramloop[66].ram.r                |    <0.001 |
|                 prim_init.ram                  |    <0.001 |
|               ramloop[67].ram.r                |    <0.001 |
|                 prim_init.ram                  |    <0.001 |
|               ramloop[68].ram.r                |    <0.001 |
|                 prim_init.ram                  |    <0.001 |
|               ramloop[69].ram.r                |    <0.001 |
|                 prim_init.ram                  |    <0.001 |
|               ramloop[70].ram.r                |    <0.001 |
|                 prim_init.ram                  |    <0.001 |
|               ramloop[71].ram.r                |    <0.001 |
|                 prim_init.ram                  |    <0.001 |
|               ramloop[72].ram.r                |    <0.001 |
|                 prim_init.ram                  |    <0.001 |
|               ramloop[73].ram.r                |    <0.001 |
|                 prim_init.ram                  |    <0.001 |
|               ramloop[74].ram.r                |    <0.001 |
|                 prim_init.ram                  |    <0.001 |
|               ramloop[75].ram.r                |    <0.001 |
|                 prim_init.ram                  |    <0.001 |
|               ramloop[76].ram.r                |    <0.001 |
|                 prim_init.ram                  |    <0.001 |
|               ramloop[77].ram.r                |    <0.001 |
|                 prim_init.ram                  |    <0.001 |
|               ramloop[78].ram.r                |    <0.001 |
|                 prim_init.ram                  |    <0.001 |
|               ramloop[79].ram.r                |    <0.001 |
|                 prim_init.ram                  |    <0.001 |
|               ramloop[80].ram.r                |    <0.001 |
|                 prim_init.ram                  |    <0.001 |
|               ramloop[81].ram.r                |    <0.001 |
|                 prim_init.ram                  |    <0.001 |
|               ramloop[82].ram.r                |    <0.001 |
|                 prim_init.ram                  |    <0.001 |
|               ramloop[83].ram.r                |    <0.001 |
|                 prim_init.ram                  |    <0.001 |
|               ramloop[84].ram.r                |    <0.001 |
|                 prim_init.ram                  |    <0.001 |
|               ramloop[85].ram.r                |    <0.001 |
|                 prim_init.ram                  |    <0.001 |
|               ramloop[86].ram.r                |    <0.001 |
|                 prim_init.ram                  |    <0.001 |
|               ramloop[87].ram.r                |    <0.001 |
|                 prim_init.ram                  |    <0.001 |
|               ramloop[88].ram.r                |    <0.001 |
|                 prim_init.ram                  |    <0.001 |
|               ramloop[89].ram.r                |    <0.001 |
|                 prim_init.ram                  |    <0.001 |
|               ramloop[90].ram.r                |    <0.001 |
|                 prim_init.ram                  |    <0.001 |
|               ramloop[91].ram.r                |    <0.001 |
|                 prim_init.ram                  |    <0.001 |
|               ramloop[92].ram.r                |    <0.001 |
|                 prim_init.ram                  |    <0.001 |
|               ramloop[93].ram.r                |    <0.001 |
|                 prim_init.ram                  |    <0.001 |
|               ramloop[94].ram.r                |    <0.001 |
|                 prim_init.ram                  |    <0.001 |
|               ramloop[95].ram.r                |    <0.001 |
|                 prim_init.ram                  |    <0.001 |
|     U_PWM_GENERATOR                            |    <0.001 |
|     U_SAMPLE_RATE_GENERATOR                    |    <0.001 |
|     U_VOLUME_LEVEL_SHIFTER                     |    <0.001 |
|   U_INPUT_INTERFACE                            |     0.002 |
|     BTN_DEBOUNCE                               |    <0.001 |
|     BTN_RED                                    |    <0.001 |
|     GEN_SW_DEBOUNCE[15].SW_DEBOUNCE            |    <0.001 |
|     GEN_SW_DEBOUNCE[3].SW_DEBOUNCE             |    <0.001 |
|     GEN_SW_DEBOUNCE[4].SW_DEBOUNCE             |    <0.001 |
|     GEN_SW_DEBOUNCE[5].SW_DEBOUNCE             |    <0.001 |
+------------------------------------------------+-----------+


